#
# There is insufficient memory for the Java Runtime Environment to continue.
# Native memory allocation (malloc) failed to allocate 32744 bytes for ChunkPool::allocate
# Possible reasons:
#   The system is out of physical RAM or swap space
#   In 32 bit mode, the process size limit was hit
# Possible solutions:
#   Reduce memory load on the system
#   Increase physical memory or swap space
#   Check if swap backing store is full
#   Use 64 bit Java on a 64 bit OS
#   Decrease Java heap size (-Xmx/-Xms)
#   Decrease number of Java threads
#   Decrease Java thread stack sizes (-Xss)
#   Set larger code cache with -XX:ReservedCodeCacheSize=
# This output file may be truncated or incomplete.
#
#  Out of Memory Error (allocation.cpp:273), pid=89928, tid=0x0000000000010cec
#
# JRE version: Java(TM) SE Runtime Environment (8.0_161-b12) (build 1.8.0_161-b12)
# Java VM: Java HotSpot(TM) 64-Bit Server VM (25.161-b12 mixed mode windows-amd64 compressed oops)
# Failed to write core dump. Minidumps are not enabled by default on client versions of Windows
#

---------------  T H R E A D  ---------------

Current thread (0x000000001e5df800):  JavaThread "C2 CompilerThread2" daemon [_thread_in_native, id=68844, stack(0x000000001ef90000,0x000000001f090000)]

Stack: [0x000000001ef90000,0x000000001f090000]
[error occurred during error reporting (printing stack bounds), id 0xc0000005]

Native frames: (J=compiled Java code, j=interpreted, Vv=VM code, C=native code)


Current CompileTask:
C2: 157375 4741   !   4       org.codehaus.plexus.interpolation.StringSearchInterpolator::interpolate (650 bytes)


---------------  P R O C E S S  ---------------

Java Threads: ( => current thread )
  0x000000002013c800 JavaThread "JGit-WorkQueue" daemon [_thread_blocked, id=82068, stack(0x0000000023c40000,0x0000000023d40000)]
  0x000000001e650800 JavaThread "Service Thread" daemon [_thread_blocked, id=48124, stack(0x000000001f190000,0x000000001f290000)]
  0x000000001e611800 JavaThread "C1 CompilerThread3" daemon [_thread_blocked, id=84080, stack(0x000000001f090000,0x000000001f190000)]
=>0x000000001e5df800 JavaThread "C2 CompilerThread2" daemon [_thread_in_native, id=68844, stack(0x000000001ef90000,0x000000001f090000)]
  0x000000001e5c4800 JavaThread "C2 CompilerThread1" daemon [_thread_in_native, id=64324, stack(0x000000001ee90000,0x000000001ef90000)]
  0x000000001e5bb000 JavaThread "C2 CompilerThread0" daemon [_thread_in_native, id=90808, stack(0x000000001ed90000,0x000000001ee90000)]
  0x000000001e5b8000 JavaThread "Attach Listener" daemon [_thread_blocked, id=77700, stack(0x000000001ec90000,0x000000001ed90000)]
  0x000000001e5b7000 JavaThread "Signal Dispatcher" daemon [_thread_blocked, id=90028, stack(0x000000001eb90000,0x000000001ec90000)]
  0x0000000000c49000 JavaThread "Finalizer" daemon [_thread_blocked, id=73796, stack(0x000000001e990000,0x000000001ea90000)]
  0x000000001c6bd800 JavaThread "Reference Handler" daemon [_thread_blocked, id=85848, stack(0x000000001e490000,0x000000001e590000)]
  0x0000000000b52800 JavaThread "main" [_thread_in_native, id=84280, stack(0x0000000002bd0000,0x0000000002cd0000)]

Other Threads:
  0x000000001c6b8800 VMThread [stack: 0x000000001e390000,0x000000001e490000] [id=68988]
  0x000000001e652000 WatcherThread [stack: 0x000000001f290000,0x000000001f390000] [id=91348]

VM state:not at safepoint (normal execution)

VM Mutex/Monitor currently owned by a thread: None

Heap:
 PSYoungGen      total 67584K, used 15978K [0x000000076b580000, 0x0000000771700000, 0x00000007c0000000)
  eden space 60928K, 15% used [0x000000076b580000,0x000000076bf01da8,0x000000076f100000)
  from space 6656K, 93% used [0x000000076f200000,0x000000076f818c60,0x000000076f880000)
  to   space 19456K, 0% used [0x0000000770400000,0x0000000770400000,0x0000000771700000)
 ParOldGen       total 90112K, used 19129K [0x00000006c2000000, 0x00000006c7800000, 0x000000076b580000)
  object space 90112K, 21% used [0x00000006c2000000,0x00000006c32ae560,0x00000006c7800000)
 Metaspace       used 27003K, capacity 27510K, committed 27904K, reserved 1073152K
  class space    used 3090K, capacity 3209K, committed 3328K, reserved 1048576K

Card table byte_map: [0x0000000012090000,0x0000000012890000] byte_map_base: 0x000000000ea80000

Marking Bits: (ParMarkBitMap*) 0x00000000675ef860
 Begin Bits: [0x00000000135e0000, 0x0000000017560000)
 End Bits:   [0x0000000017560000, 0x000000001b4e0000)

Polling page: 0x0000000000b00000

CodeCache: size=245760Kb used=13857Kb max_used=13870Kb free=231902Kb
 bounds [0x0000000002cd0000, 0x0000000003a70000, 0x0000000011cd0000]
 total_blobs=4453 nmethods=4018 adapters=347
 compilation: enabled

Compilation events (10 events):
Event: 157.364 Thread 0x000000001e611800 4742       3       java.util.ArrayList::remove (77 bytes)
Event: 157.364 Thread 0x000000001e611800 nmethod 4742 0x0000000003a65590 code [0x0000000003a65740, 0x0000000003a65c88]
Event: 157.364 Thread 0x000000001e611800 4747       3       com.google.common.collect.AbstractMapBasedMultimap::createCollection (5 bytes)
Event: 157.365 Thread 0x000000001e611800 nmethod 4747 0x0000000003a65190 code [0x0000000003a65300, 0x0000000003a65508]
Event: 157.365 Thread 0x000000001e611800 4748       3       com.google.common.collect.ArrayListMultimap::createCollection (5 bytes)
Event: 157.365 Thread 0x000000001e611800 nmethod 4748 0x0000000003a64c50 code [0x0000000003a64dc0, 0x0000000003a65088]
Event: 157.365 Thread 0x000000001e611800 4749       3       com.google.common.collect.ArrayListMultimap::createCollection (12 bytes)
Event: 157.365 Thread 0x000000001e611800 nmethod 4749 0x0000000003a69e10 code [0x0000000003a69f80, 0x0000000003a6a168]
Event: 157.366 Thread 0x000000001e5bb000 nmethod 4737% 0x0000000003a6d110 code [0x0000000003a6d260, 0x0000000003a6d588]
Event: 157.366 Thread 0x000000001e5bb000 4743       4       org.codehaus.plexus.interpolation.PrefixAwareRecursionInterceptor::expressionResolutionStarted (23 bytes)

GC Heap History (10 events):
Event: 21.886 GC heap before
{Heap before GC invocations=4 (full 0):
 PSYoungGen      total 75776K, used 75760K [0x000000076b580000, 0x0000000770a00000, 0x00000007c0000000)
  eden space 65024K, 100% used [0x000000076b580000,0x000000076f500000,0x000000076f500000)
  from space 10752K, 99% used [0x000000076f500000,0x000000076ff7c010,0x000000076ff80000)
  to   space 10752K, 0% used [0x000000076ff80000,0x000000076ff80000,0x0000000770a00000)
 ParOldGen       total 173568K, used 4418K [0x00000006c2000000, 0x00000006cc980000, 0x000000076b580000)
  object space 173568K, 2% used [0x00000006c2000000,0x00000006c2450848,0x00000006cc980000)
 Metaspace       used 16579K, capacity 16948K, committed 17280K, reserved 1064960K
  class space    used 1952K, capacity 2058K, committed 2176K, reserved 1048576K
Event: 21.902 GC heap after
Heap after GC invocations=4 (full 0):
 PSYoungGen      total 75776K, used 10720K [0x000000076b580000, 0x0000000770a00000, 0x00000007c0000000)
  eden space 65024K, 0% used [0x000000076b580000,0x000000076b580000,0x000000076f500000)
  from space 10752K, 99% used [0x000000076ff80000,0x00000007709f8040,0x0000000770a00000)
  to   space 10752K, 0% used [0x000000076f500000,0x000000076f500000,0x000000076ff80000)
 ParOldGen       total 173568K, used 8385K [0x00000006c2000000, 0x00000006cc980000, 0x000000076b580000)
  object space 173568K, 4% used [0x00000006c2000000,0x00000006c2830510,0x00000006cc980000)
 Metaspace       used 16579K, capacity 16948K, committed 17280K, reserved 1064960K
  class space    used 1952K, capacity 2058K, committed 2176K, reserved 1048576K
}
Event: 117.884 GC heap before
{Heap before GC invocations=5 (full 0):
 PSYoungGen      total 75776K, used 75744K [0x000000076b580000, 0x0000000770a00000, 0x00000007c0000000)
  eden space 65024K, 100% used [0x000000076b580000,0x000000076f500000,0x000000076f500000)
  from space 10752K, 99% used [0x000000076ff80000,0x00000007709f8040,0x0000000770a00000)
  to   space 10752K, 0% used [0x000000076f500000,0x000000076f500000,0x000000076ff80000)
 ParOldGen       total 173568K, used 8385K [0x00000006c2000000, 0x00000006cc980000, 0x000000076b580000)
  object space 173568K, 4% used [0x00000006c2000000,0x00000006c2830510,0x00000006cc980000)
 Metaspace       used 20730K, capacity 21164K, committed 21248K, reserved 1069056K
  class space    used 2421K, capacity 2548K, committed 2560K, reserved 1048576K
Event: 117.915 GC heap after
Heap after GC invocations=5 (full 0):
 PSYoungGen      total 74240K, used 10720K [0x000000076b580000, 0x0000000771980000, 0x00000007c0000000)
  eden space 63488K, 0% used [0x000000076b580000,0x000000076b580000,0x000000076f380000)
  from space 10752K, 99% used [0x000000076f500000,0x000000076ff78020,0x000000076ff80000)
  to   space 19456K, 0% used [0x0000000770680000,0x0000000770680000,0x0000000771980000)
 ParOldGen       total 173568K, used 14498K [0x00000006c2000000, 0x00000006cc980000, 0x000000076b580000)
  object space 173568K, 8% used [0x00000006c2000000,0x00000006c2e28a80,0x00000006cc980000)
 Metaspace       used 20730K, capacity 21164K, committed 21248K, reserved 1069056K
  class space    used 2421K, capacity 2548K, committed 2560K, reserved 1048576K
}
Event: 118.485 GC heap before
{Heap before GC invocations=6 (full 0):
 PSYoungGen      total 74240K, used 13244K [0x000000076b580000, 0x0000000771980000, 0x00000007c0000000)
  eden space 63488K, 3% used [0x000000076b580000,0x000000076b7f73c0,0x000000076f380000)
  from space 10752K, 99% used [0x000000076f500000,0x000000076ff78020,0x000000076ff80000)
  to   space 19456K, 0% used [0x0000000770680000,0x0000000770680000,0x0000000771980000)
 ParOldGen       total 173568K, used 14498K [0x00000006c2000000, 0x00000006cc980000, 0x000000076b580000)
  object space 173568K, 8% used [0x00000006c2000000,0x00000006c2e28a80,0x00000006cc980000)
 Metaspace       used 20733K, capacity 21164K, committed 21248K, reserved 1069056K
  class space    used 2421K, capacity 2548K, committed 2560K, reserved 1048576K
Event: 118.497 GC heap after
Heap after GC invocations=6 (full 0):
 PSYoungGen      total 78848K, used 10800K [0x000000076b580000, 0x0000000771700000, 0x00000007c0000000)
  eden space 61952K, 0% used [0x000000076b580000,0x000000076b580000,0x000000076f200000)
  from space 16896K, 63% used [0x0000000770680000,0x000000077110c030,0x0000000771700000)
  to   space 18944K, 0% used [0x000000076f200000,0x000000076f200000,0x0000000770480000)
 ParOldGen       total 173568K, used 14506K [0x00000006c2000000, 0x00000006cc980000, 0x000000076b580000)
  object space 173568K, 8% used [0x00000006c2000000,0x00000006c2e2aa80,0x00000006cc980000)
 Metaspace       used 20733K, capacity 21164K, committed 21248K, reserved 1069056K
  class space    used 2421K, capacity 2548K, committed 2560K, reserved 1048576K
}
Event: 118.497 GC heap before
{Heap before GC invocations=7 (full 1):
 PSYoungGen      total 78848K, used 10800K [0x000000076b580000, 0x0000000771700000, 0x00000007c0000000)
  eden space 61952K, 0% used [0x000000076b580000,0x000000076b580000,0x000000076f200000)
  from space 16896K, 63% used [0x0000000770680000,0x000000077110c030,0x0000000771700000)
  to   space 18944K, 0% used [0x000000076f200000,0x000000076f200000,0x0000000770480000)
 ParOldGen       total 173568K, used 14506K [0x00000006c2000000, 0x00000006cc980000, 0x000000076b580000)
  object space 173568K, 8% used [0x00000006c2000000,0x00000006c2e2aa80,0x00000006cc980000)
 Metaspace       used 20733K, capacity 21164K, committed 21248K, reserved 1069056K
  class space    used 2421K, capacity 2548K, committed 2560K, reserved 1048576K
Event: 118.582 GC heap after
Heap after GC invocations=7 (full 1):
 PSYoungGen      total 78848K, used 0K [0x000000076b580000, 0x0000000771700000, 0x00000007c0000000)
  eden space 61952K, 0% used [0x000000076b580000,0x000000076b580000,0x000000076f200000)
  from space 16896K, 0% used [0x0000000770680000,0x0000000770680000,0x0000000771700000)
  to   space 18944K, 0% used [0x000000076f200000,0x000000076f200000,0x0000000770480000)
 ParOldGen       total 90112K, used 19057K [0x00000006c2000000, 0x00000006c7800000, 0x000000076b580000)
  object space 90112K, 21% used [0x00000006c2000000,0x00000006c329c550,0x00000006c7800000)
 Metaspace       used 20733K, capacity 21164K, committed 21248K, reserved 1069056K
  class space    used 2421K, capacity 2548K, committed 2560K, reserved 1048576K
}
Event: 155.924 GC heap before
{Heap before GC invocations=8 (full 1):
 PSYoungGen      total 78848K, used 61952K [0x000000076b580000, 0x0000000771700000, 0x00000007c0000000)
  eden space 61952K, 100% used [0x000000076b580000,0x000000076f200000,0x000000076f200000)
  from space 16896K, 0% used [0x0000000770680000,0x0000000770680000,0x0000000771700000)
  to   space 18944K, 0% used [0x000000076f200000,0x000000076f200000,0x0000000770480000)
 ParOldGen       total 90112K, used 19057K [0x00000006c2000000, 0x00000006c7800000, 0x000000076b580000)
  object space 90112K, 21% used [0x00000006c2000000,0x00000006c329c550,0x00000006c7800000)
 Metaspace       used 26149K, capacity 26680K, committed 27008K, reserved 1073152K
  class space    used 2985K, capacity 3108K, committed 3200K, reserved 1048576K
Event: 155.930 GC heap after
Heap after GC invocations=8 (full 1):
 PSYoungGen      total 67584K, used 6243K [0x000000076b580000, 0x0000000771700000, 0x00000007c0000000)
  eden space 60928K, 0% used [0x000000076b580000,0x000000076b580000,0x000000076f100000)
  from space 6656K, 93% used [0x000000076f200000,0x000000076f818c60,0x000000076f880000)
  to   space 19456K, 0% used [0x0000000770400000,0x0000000770400000,0x0000000771700000)
 ParOldGen       total 90112K, used 19129K [0x00000006c2000000, 0x00000006c7800000, 0x000000076b580000)
  object space 90112K, 21% used [0x00000006c2000000,0x00000006c32ae560,0x00000006c7800000)
 Metaspace       used 26149K, capacity 26680K, committed 27008K, reserved 1073152K
  class space    used 2985K, capacity 3108K, committed 3200K, reserved 1048576K
}

Deoptimization events (10 events):
Event: 155.127 Thread 0x0000000000b52800 Uncommon trap: reason=bimorphic action=maybe_recompile pc=0x0000000002debed4 method=java.util.Hashtable.get(Ljava/lang/Object;)Ljava/lang/Object; @ 6
Event: 155.127 Thread 0x0000000000b52800 Uncommon trap: reason=bimorphic action=maybe_recompile pc=0x0000000003323a0c method=java.util.Hashtable.put(Ljava/lang/Object;Ljava/lang/Object;)Ljava/lang/Object; @ 18
Event: 155.127 Thread 0x0000000000b52800 Uncommon trap: reason=bimorphic action=maybe_recompile pc=0x0000000002debed4 method=java.util.Hashtable.get(Ljava/lang/Object;)Ljava/lang/Object; @ 6
Event: 155.127 Thread 0x0000000000b52800 Uncommon trap: reason=bimorphic action=maybe_recompile pc=0x0000000003323a0c method=java.util.Hashtable.put(Ljava/lang/Object;Ljava/lang/Object;)Ljava/lang/Object; @ 18
Event: 155.565 Thread 0x0000000000b52800 Uncommon trap: reason=unstable_if action=reinterpret pc=0x00000000038bb458 method=java.util.Properties.load0(Ljava/util/Properties$LineReader;)V @ 145
Event: 155.592 Thread 0x0000000000b52800 Uncommon trap: reason=unstable_if action=reinterpret pc=0x0000000003826aa0 method=java.util.Properties.load0(Ljava/util/Properties$LineReader;)V @ 145
Event: 155.944 Thread 0x0000000000b52800 Uncommon trap: reason=unstable_if action=reinterpret pc=0x0000000002f63bdc method=java.lang.StringCoding$StringDecoder.decode([BII)[C @ 20
Event: 157.165 Thread 0x0000000000b52800 Uncommon trap: reason=unstable_if action=reinterpret pc=0x0000000003436d0c method=java.util.Hashtable$Enumerator.nextElement()Ljava/lang/Object; @ 87
Event: 157.165 Thread 0x0000000000b52800 Uncommon trap: reason=unstable_if action=reinterpret pc=0x00000000033ad688 method=java.util.Hashtable$Enumerator.nextElement()Ljava/lang/Object; @ 87
Event: 157.361 Thread 0x0000000000b52800 Uncommon trap: reason=bimorphic action=maybe_recompile pc=0x0000000003a37204 method=java.lang.StringCoding$StringDecoder.charsetName()Ljava/lang/String; @ 17

Classes redefined (0 events):
No events

Internal exceptions (10 events):
Event: 128.939 Thread 0x0000000000b52800 Exception <a 'sun/nio/fs/WindowsException'> (0x000000076cfe1010) thrown at [C:\re\workspace\8-2-build-windows-amd64-cygwin\jdk8u161\10277\hotspot\src\share\vm\prims\jni.cpp, line 709]
Event: 128.940 Thread 0x0000000000b52800 Exception <a 'java/io/FileNotFoundException'> (0x000000076cfe1920) thrown at [C:\re\workspace\8-2-build-windows-amd64-cygwin\jdk8u161\10277\hotspot\src\share\vm\prims\jni.cpp, line 709]
Event: 128.940 Thread 0x0000000000b52800 Exception <a 'sun/nio/fs/WindowsException'> (0x000000076cfe6940) thrown at [C:\re\workspace\8-2-build-windows-amd64-cygwin\jdk8u161\10277\hotspot\src\share\vm\prims\jni.cpp, line 709]
Event: 128.947 Thread 0x0000000000b52800 Exception <a 'java/io/FileNotFoundException'> (0x000000076cfe7250) thrown at [C:\re\workspace\8-2-build-windows-amd64-cygwin\jdk8u161\10277\hotspot\src\share\vm\prims\jni.cpp, line 709]
Event: 128.947 Thread 0x0000000000b52800 Exception <a 'sun/nio/fs/WindowsException'> (0x000000076cfe81e8) thrown at [C:\re\workspace\8-2-build-windows-amd64-cygwin\jdk8u161\10277\hotspot\src\share\vm\prims\jni.cpp, line 709]
Event: 128.948 Thread 0x0000000000b52800 Exception <a 'java/io/FileNotFoundException'> (0x000000076cfe8af8) thrown at [C:\re\workspace\8-2-build-windows-amd64-cygwin\jdk8u161\10277\hotspot\src\share\vm\prims\jni.cpp, line 709]
Event: 128.948 Thread 0x0000000000b52800 Exception <a 'sun/nio/fs/WindowsException'> (0x000000076cfedba0) thrown at [C:\re\workspace\8-2-build-windows-amd64-cygwin\jdk8u161\10277\hotspot\src\share\vm\prims\jni.cpp, line 709]
Event: 128.949 Thread 0x0000000000b52800 Exception <a 'java/io/FileNotFoundException'> (0x000000076cfee4b0) thrown at [C:\re\workspace\8-2-build-windows-amd64-cygwin\jdk8u161\10277\hotspot\src\share\vm\prims\jni.cpp, line 709]
Event: 128.949 Thread 0x0000000000b52800 Exception <a 'sun/nio/fs/WindowsException'> (0x000000076cfef378) thrown at [C:\re\workspace\8-2-build-windows-amd64-cygwin\jdk8u161\10277\hotspot\src\share\vm\prims\jni.cpp, line 709]
Event: 128.949 Thread 0x0000000000b52800 Exception <a 'java/io/FileNotFoundException'> (0x000000076cfefc88) thrown at [C:\re\workspace\8-2-build-windows-amd64-cygwin\jdk8u161\10277\hotspot\src\share\vm\prims\jni.cpp, line 709]

Events (10 events):
Event: 157.237 loading class org/apache/tools/ant/taskdefs/Concat$MultiReader done
Event: 157.237 loading class org/apache/tools/ant/taskdefs/Concat$MultiReader
Event: 157.237 loading class org/apache/tools/ant/taskdefs/Concat$MultiReader done
Event: 157.237 loading class org/apache/tools/ant/util/ReaderInputStream
Event: 157.237 loading class org/apache/tools/ant/util/ReaderInputStream done
Event: 157.237 loading class org/apache/tools/ant/util/ReaderInputStream
Event: 157.237 loading class org/apache/tools/ant/util/ReaderInputStream done
Event: 157.361 Thread 0x0000000000b52800 Uncommon trap: trap_request=0xffffffc6 fr.pc=0x0000000003a37204
Event: 157.361 Thread 0x0000000000b52800 DEOPT PACKING pc=0x0000000003a37204 sp=0x0000000002ccd3b0
Event: 157.361 Thread 0x0000000000b52800 DEOPT UNPACKING pc=0x0000000002d1583b sp=0x0000000002ccd2b8 mode 2


Dynamic libraries:
0x00007ff619cd0000 - 0x00007ff619d07000 	C:\Program Files\Java\jdk1.8.0_161\bin\javaw.exe
0x00007ffce4990000 - 0x00007ffce4b7d000 	C:\Windows\SYSTEM32\ntdll.dll
0x00007ffce48a0000 - 0x00007ffce4953000 	C:\Windows\System32\KERNEL32.DLL
0x00007ffce0b90000 - 0x00007ffce0e23000 	C:\Windows\System32\KERNELBASE.dll
0x00007ffce3ef0000 - 0x00007ffce3f93000 	C:\Windows\System32\ADVAPI32.dll
0x00007ffce21a0000 - 0x00007ffce223e000 	C:\Windows\System32\msvcrt.dll
0x00007ffce40b0000 - 0x00007ffce414e000 	C:\Windows\System32\sechost.dll
0x00007ffce38a0000 - 0x00007ffce39c2000 	C:\Windows\System32\RPCRT4.dll
0x00007ffce3d50000 - 0x00007ffce3ee7000 	C:\Windows\System32\USER32.dll
0x00007ffce0af0000 - 0x00007ffce0b10000 	C:\Windows\System32\win32u.dll
0x00007ffce3a00000 - 0x00007ffce3a29000 	C:\Windows\System32\GDI32.dll
0x00007ffce1830000 - 0x00007ffce19c9000 	C:\Windows\System32\gdi32full.dll
0x00007ffce0a50000 - 0x00007ffce0af0000 	C:\Windows\System32\msvcp_win.dll
0x00007ffce0f60000 - 0x00007ffce105a000 	C:\Windows\System32\ucrtbase.dll
0x00007ffccc970000 - 0x00007ffcccbe9000 	C:\Windows\WinSxS\amd64_microsoft.windows.common-controls_6595b64144ccf1df_6.0.17763.1098_none_de762ed45346ee8a\COMCTL32.dll
0x00007ffce1cf0000 - 0x00007ffce201c000 	C:\Windows\System32\combase.dll
0x00007ffce0ee0000 - 0x00007ffce0f5e000 	C:\Windows\System32\bcryptPrimitives.dll
0x00007ffce39d0000 - 0x00007ffce39fe000 	C:\Windows\System32\IMM32.DLL
0x00007ffcccbf0000 - 0x00007ffcccc25000 	C:\Program Files\CyberArk\Endpoint Privilege Manager\Agent\PASAgent\SFDP_Detours64.dll
0x00000000010a0000 - 0x00000000010b2000 	C:\Windows\System32\umppc11604.dll
0x00007ffcdbe90000 - 0x00007ffcdbf42000 	C:\Program Files\McAfee\Endpoint Security\Threat Prevention\Ips\EpMPApi.dll
0x00007ffce0b10000 - 0x00007ffce0b69000 	C:\Windows\System32\WINTRUST.dll
0x00007ffce0980000 - 0x00007ffce0992000 	C:\Windows\System32\MSASN1.dll
0x00007ffce19d0000 - 0x00007ffce1bac000 	C:\Windows\System32\CRYPT32.dll
0x000000006a4c0000 - 0x000000006a4cc000 	C:\Program Files\McAfee\Endpoint Security\Threat Prevention\Ips\EpMPThe.dll
0x0000000067670000 - 0x0000000067742000 	C:\Program Files\Java\jdk1.8.0_161\jre\bin\msvcr100.dll
0x0000000066dd0000 - 0x000000006766f000 	C:\Program Files\Java\jdk1.8.0_161\jre\bin\server\jvm.dll
0x00007ffce3890000 - 0x00007ffce3898000 	C:\Windows\System32\PSAPI.DLL
0x00007ffcda820000 - 0x00007ffcda829000 	C:\Windows\SYSTEM32\WSOCK32.dll
0x00007ffce3be0000 - 0x00007ffce3c4d000 	C:\Windows\System32\WS2_32.dll
0x00007ffcdd970000 - 0x00007ffcdd994000 	C:\Windows\SYSTEM32\WINMM.dll
0x00007ffcda7f0000 - 0x00007ffcda7fa000 	C:\Windows\SYSTEM32\VERSION.dll
0x00007ffcdd940000 - 0x00007ffcdd96d000 	C:\Windows\SYSTEM32\WINMMBASE.dll
0x00007ffce17e0000 - 0x00007ffce182a000 	C:\Windows\System32\cfgmgr32.dll
0x000000006b460000 - 0x000000006b46f000 	C:\Program Files\Java\jdk1.8.0_161\jre\bin\verify.dll
0x000000006a3d0000 - 0x000000006a3f9000 	C:\Program Files\Java\jdk1.8.0_161\jre\bin\java.dll
0x0000000069990000 - 0x00000000699a6000 	C:\Program Files\Java\jdk1.8.0_161\jre\bin\zip.dll
0x00007ffce2240000 - 0x00007ffce3734000 	C:\Windows\System32\SHELL32.dll
0x0000000002ad0000 - 0x0000000002b78000 	C:\Windows\System32\shcore.dll
0x00007ffce1060000 - 0x00007ffce17ad000 	C:\Windows\System32\windows.storage.dll
0x00007ffce0a20000 - 0x00007ffce0a44000 	C:\Windows\System32\profapi.dll
0x00007ffce09a0000 - 0x00007ffce09fd000 	C:\Windows\System32\powrprof.dll
0x00007ffce45d0000 - 0x00007ffce4622000 	C:\Windows\System32\shlwapi.dll
0x00007ffce0a00000 - 0x00007ffce0a11000 	C:\Windows\System32\kernel.appcore.dll
0x00007ffce0b70000 - 0x00007ffce0b87000 	C:\Windows\System32\cryptsp.dll
0x00007ffcdfab0000 - 0x00007ffcdfae3000 	C:\Windows\system32\rsaenh.dll
0x00007ffce17b0000 - 0x00007ffce17d6000 	C:\Windows\System32\bcrypt.dll
0x00007ffce0880000 - 0x00007ffce08a8000 	C:\Windows\SYSTEM32\USERENV.dll
0x00007ffce07d0000 - 0x00007ffce07dc000 	C:\Windows\SYSTEM32\CRYPTBASE.dll
0x0000000069970000 - 0x000000006998a000 	C:\Program Files\Java\jdk1.8.0_161\jre\bin\net.dll
0x00007ffce0190000 - 0x00007ffce01f7000 	C:\Windows\system32\mswsock.dll
0x00007ffcdfeb0000 - 0x00007ffcdfeed000 	C:\Windows\SYSTEM32\IPHLPAPI.DLL
0x00007ffce2190000 - 0x00007ffce2198000 	C:\Windows\System32\NSI.dll
0x00007ffcdacb0000 - 0x00007ffcdacc6000 	C:\Windows\SYSTEM32\dhcpcsvc6.DLL
0x00007ffcdac90000 - 0x00007ffcdacac000 	C:\Windows\SYSTEM32\dhcpcsvc.DLL
0x00007ffcdfef0000 - 0x00007ffcdffb6000 	C:\Windows\SYSTEM32\DNSAPI.dll
0x0000000069950000 - 0x0000000069961000 	C:\Program Files\Java\jdk1.8.0_161\jre\bin\nio.dll
0x00007ffcdcae0000 - 0x00007ffcdcaea000 	C:\Users\de40034072\AppData\Local\Temp\jansi-1.17.1-4147619807259439869.dll
0x00007ffccdb20000 - 0x00007ffccdb36000 	C:\Windows\system32\napinsp.dll
0x00007ffccd4f0000 - 0x00007ffccd50a000 	C:\Windows\system32\pnrpnsp.dll
0x00007ffcceaa0000 - 0x00007ffcceaae000 	C:\Windows\System32\winrnr.dll
0x00007ffcdbac0000 - 0x00007ffcdbadb000 	C:\Windows\system32\NLAapi.dll
0x00007ffcc80e0000 - 0x00007ffcc80f5000 	C:\Windows\system32\wshbth.dll
0x00007ffcda870000 - 0x00007ffcda87a000 	C:\Windows\System32\rasadhlp.dll
0x00007ffcdbbf0000 - 0x00007ffcdbc69000 	C:\Windows\System32\fwpuclnt.dll

VM Arguments:
jvm_args: -Dmaven.home=EMBEDDED -Dclassworlds.conf=D:\springpgms\.metadata\.plugins\org.eclipse.m2e.launching\launches\m2conf8673300648941154635.tmp -Dmaven.multiModuleProjectDirectory=D:\commonapi\common-api -Djansi.force=true -Djansi.passthrough=true -Dfile.encoding=Cp1252 
java_command: org.codehaus.plexus.classworlds.launcher.Launcher -B clean install -Denvironment=local -Dstyle.color=always
java_class_path (initial): C:\Users\de40034072\Downloads\spring-tool-suite-3.9.10.RELEASE-e4.13.0-win32-x86_64\sts-bundle\sts-3.9.10.RELEASE\plugins\org.eclipse.m2e.maven.runtime_1.13.0.20190716-1623\jars\plexus-classworlds-2.6.0.jar
Launcher Type: SUN_STANDARD

Environment Variables:
JAVA_HOME=C:\Program Files\Java\jdk1.8.0_161
PATH=C:/Program Files/Java/jre1.8.0_161/bin/server;C:/Program Files/Java/jre1.8.0_161/bin;C:/Program Files/Java/jre1.8.0_161/lib/amd64;C:\ProgramData\Oracle\Java\javapath;C:\Windows\system32;C:\Windows;C:\Windows\System32\Wbem;C:\Windows\System32\WindowsPowerShell\v1.0\;C:\Windows\System32\OpenSSH\;C:\Program Files (x86)\Webex\Webex\Applications;C:\Program Files (x86)\Intel\Intel(R) Management Engine Components\DAL;C:\Program Files\Intel\Intel(R) Management Engine Components\DAL;C:\Program Files\nodejs\;D:\software\apache-maven-3.6.3-bin\apache-maven-3.6.3\bin;C:\Program Files\Java\jdk1.8.0_161\bin;C:\Program Files\TortoiseGit\bin;D:\cordova\gradle-4.10.3\bin;C:\Users\de40034072\AppData\Local\Programs\Git\cmd;C:\Users\de40034072\AppData\Local\Programs\Microsoft VS Code\bin;C:\Program Files\Java\jdk1.8.0_161;C:\Users\de40034072\AppData\Local\Android\Sdk\platform-tools;C:\Users\de40034072\AppData\Local\Android\Sdk\tools\bin;C:\Program Files\nodejs;C:\Users\de40034072\AppData\Roaming\npm;C:\Users\de40034072\AppData\Roaming\npm\node_modules\@angular\cli\bin;;C:\Users\de40034072\Downloads\spring-tool-suite-3.9.10.RELEASE-e4.13.0-win32-x86_64\sts-bundle\sts-3.9.10.RELEASE;
USERNAME=DE40034072
OS=Windows_NT
PROCESSOR_IDENTIFIER=Intel64 Family 6 Model 142 Stepping 12, GenuineIntel



---------------  S Y S T E M  ---------------

OS: Windows 10.0 , 64 bit Build 17763 (10.0.17763.475)

CPU:total 8 (initial active 8) (4 cores per cpu, 2 threads per core) family 6 model 142 stepping 12, cmov, cx8, fxsr, mmx, sse, sse2, sse3, ssse3, sse4.1, sse4.2, popcnt, avx, avx2, aes, clmul, erms, 3dnowpref, lzcnt, ht, tsc, tscinvbit, bmi1, bmi2, adx

Memory: 4k page, physical 16644800k(1347292k free), swap 42908476k(64k free)

vm_info: Java HotSpot(TM) 64-Bit Server VM (25.161-b12) for windows-amd64 JRE (1.8.0_161-b12), built on Dec 19 2017 17:52:25 by "java_re" with MS VC++ 10.0 (VS2010)

time: Wed Aug 12 17:28:42 2020
elapsed time: 157 seconds (0d 0h 2m 37s)

